
2020-06-06 12:11:55,384 DEBUG MealServlet [MealServlet.java:39] redirect to meals
2020-06-06 12:11:55,398 INFO  MealServlet [MealServlet.java:70] list of meals
2020-06-06 12:11:59,431 DEBUG MealServlet [MealServlet.java:39] redirect to meals
2020-06-06 12:11:59,432 INFO  MealServlet [MealServlet.java:64] new meal
2020-06-06 12:12:05,046 INFO  MealServlet [MealServlet.java:87] POST id null
2020-06-06 12:12:05,051 INFO  MealServlet [MealServlet.java:105] POST 
2020-06-06 12:12:12,499 DEBUG MealServlet [MealServlet.java:39] redirect to meals
2020-06-06 12:12:12,502 INFO  MealServlet [MealServlet.java:59] update meal id = 8
2020-06-06 12:12:21,356 INFO  MealServlet [MealServlet.java:87] POST id null
2020-06-06 12:12:21,361 INFO  MealServlet [MealServlet.java:105] POST 
2020-06-06 12:22:51,585 DEBUG MealServlet [MealServlet.java:39] redirect to meals
2020-06-06 12:22:51,595 INFO  MealServlet [MealServlet.java:69] list of meals
2020-06-06 12:22:55,601 DEBUG MealServlet [MealServlet.java:39] redirect to meals
2020-06-06 12:22:55,602 INFO  MealServlet [MealServlet.java:64] new meal
2020-06-06 12:23:01,129 INFO  MealServlet [MealServlet.java:86] POST id null
2020-06-06 12:23:01,136 INFO  MealServlet [MealServlet.java:104] POST 
2020-06-06 12:23:16,257 DEBUG MealServlet [MealServlet.java:39] redirect to meals
2020-06-06 12:23:16,258 INFO  MealServlet [MealServlet.java:59] update meal id = 8
2020-06-06 12:23:58,992 INFO  MealServlet [MealServlet.java:86] POST id null
2020-06-06 12:23:58,993 INFO  MealServlet [MealServlet.java:104] POST 
2020-06-06 12:30:18,013 DEBUG MealServlet [MealServlet.java:39] redirect to meals
2020-06-06 12:30:18,025 INFO  MealServlet [MealServlet.java:69] list of meals
2020-06-06 12:30:23,485 DEBUG MealServlet [MealServlet.java:39] redirect to meals
2020-06-06 12:30:23,486 INFO  MealServlet [MealServlet.java:64] new meal
2020-06-06 12:30:28,727 INFO  MealServlet [MealServlet.java:86] POST id 
2020-06-06 12:30:28,731 INFO  MealServlet [MealServlet.java:104] POST 
2020-06-06 12:30:43,272 DEBUG MealServlet [MealServlet.java:39] redirect to meals
2020-06-06 12:30:43,273 INFO  MealServlet [MealServlet.java:59] update meal id = 8
2020-06-06 12:30:49,712 INFO  MealServlet [MealServlet.java:86] POST id 8
2020-06-06 12:30:49,713 INFO  MealServlet [MealServlet.java:104] POST 
2020-06-06 12:32:13,658 DEBUG MealServlet [MealServlet.java:39] redirect to meals
2020-06-06 12:32:13,673 INFO  MealServlet [MealServlet.java:69] list of meals
2020-06-06 12:32:18,297 DEBUG MealServlet [MealServlet.java:39] redirect to meals
2020-06-06 12:32:18,302 INFO  MealServlet [MealServlet.java:64] new meal
2020-06-06 12:32:23,619 INFO  MealServlet [MealServlet.java:86] POST id 
2020-06-06 12:32:23,624 INFO  MealServlet [MealServlet.java:104] POST 
2020-06-06 12:36:05,977 DEBUG MealServlet [MealServlet.java:39] redirect to meals
2020-06-06 12:36:05,979 INFO  MealServlet [MealServlet.java:59] update meal id = 8
2020-06-06 12:36:16,382 INFO  MealServlet [MealServlet.java:86] POST id 8
2020-06-06 12:36:16,383 INFO  MealServlet [MealServlet.java:104] POST 
2020-06-06 12:51:50,821 DEBUG MealServlet [MealServlet.java:39] redirect to meals
2020-06-06 12:51:50,831 INFO  MealServlet [MealServlet.java:69] list of meals
2020-06-06 12:51:56,409 DEBUG MealServlet [MealServlet.java:39] redirect to meals
2020-06-06 12:51:56,411 INFO  MealServlet [MealServlet.java:64] new meal
2020-06-06 12:52:00,828 INFO  MealServlet [MealServlet.java:86] POST id 
2020-06-06 12:52:00,835 INFO  MealServlet [MealServlet.java:104] POST 
2020-06-06 12:53:02,013 DEBUG MealServlet [MealServlet.java:39] redirect to meals
2020-06-06 12:53:02,014 INFO  MealServlet [MealServlet.java:69] list of meals
2020-06-06 12:53:19,722 DEBUG MealServlet [MealServlet.java:39] redirect to meals
2020-06-06 12:53:19,723 INFO  MealServlet [MealServlet.java:59] update meal id = 8
2020-06-06 12:53:23,508 INFO  MealServlet [MealServlet.java:86] POST id 8
2020-06-06 12:53:23,509 INFO  MealServlet [MealServlet.java:104] POST 
2020-06-06 12:54:37,755 DEBUG MealServlet [MealServlet.java:39] redirect to meals
2020-06-06 12:54:37,763 INFO  MealServlet [MealServlet.java:69] list of meals
2020-06-06 12:54:42,575 DEBUG MealServlet [MealServlet.java:39] redirect to meals
2020-06-06 12:54:42,576 INFO  MealServlet [MealServlet.java:64] new meal
2020-06-06 12:54:47,247 INFO  MealServlet [MealServlet.java:86] POST id 
2020-06-06 12:54:47,255 INFO  MealServlet [MealServlet.java:104] POST 
2020-06-06 12:54:59,059 DEBUG MealServlet [MealServlet.java:39] redirect to meals
2020-06-06 12:54:59,060 INFO  MealServlet [MealServlet.java:59] update meal id = 8
2020-06-06 12:55:02,934 INFO  MealServlet [MealServlet.java:86] POST id 8
2020-06-06 12:55:02,936 INFO  MealServlet [MealServlet.java:104] POST 
2020-06-06 12:56:55,631 DEBUG MealServlet [MealServlet.java:39] redirect to meals
2020-06-06 12:56:55,647 INFO  MealServlet [MealServlet.java:69] list of meals
2020-06-06 12:56:59,487 DEBUG MealServlet [MealServlet.java:39] redirect to meals
2020-06-06 12:56:59,488 INFO  MealServlet [MealServlet.java:64] new meal
2020-06-06 12:57:04,279 INFO  MealServlet [MealServlet.java:104] POST 
2020-06-06 13:04:48,228 DEBUG MealServlet [MealServlet.java:39] redirect to meals
2020-06-06 13:04:48,241 INFO  MealServlet [MealServlet.java:69] list of meals
2020-06-06 13:04:55,267 DEBUG MealServlet [MealServlet.java:39] redirect to meals
2020-06-06 13:04:55,268 INFO  MealServlet [MealServlet.java:64] new meal
2020-06-06 13:05:27,592 INFO  MealServlet [MealServlet.java:90] POST 
2020-06-06 13:06:50,781 DEBUG MealServlet [MealServlet.java:39] redirect to meals
2020-06-06 13:06:50,795 INFO  MealServlet [MealServlet.java:69] list of meals
2020-06-06 13:06:54,929 DEBUG MealServlet [MealServlet.java:39] redirect to meals
2020-06-06 13:06:54,930 INFO  MealServlet [MealServlet.java:64] new meal
2020-06-06 13:07:21,711 INFO  MealServlet [MealServlet.java:90] POST 
2020-06-06 13:11:05,432 DEBUG MealServlet [MealServlet.java:39] redirect to meals
2020-06-06 13:11:05,445 INFO  MealServlet [MealServlet.java:69] list of meals
2020-06-06 13:12:20,284 DEBUG MealServlet [MealServlet.java:39] redirect to meals
2020-06-06 13:12:20,299 INFO  MealServlet [MealServlet.java:69] list of meals
2020-06-06 13:12:30,042 DEBUG MealServlet [MealServlet.java:39] redirect to meals
2020-06-06 13:12:30,048 INFO  MealServlet [MealServlet.java:59] update meal id = 1
2020-06-06 13:12:33,696 INFO  MealServlet [MealServlet.java:90] POST 
2020-06-06 13:12:36,412 DEBUG MealServlet [MealServlet.java:39] redirect to meals
2020-06-06 13:12:36,414 INFO  MealServlet [MealServlet.java:59] update meal id = 2
2020-06-06 13:12:40,842 INFO  MealServlet [MealServlet.java:90] POST 
2020-06-06 13:12:44,323 DEBUG MealServlet [MealServlet.java:39] redirect to meals
2020-06-06 13:12:44,324 INFO  MealServlet [MealServlet.java:59] update meal id = 2
2020-06-06 13:12:47,998 INFO  MealServlet [MealServlet.java:90] POST 
2020-06-06 13:12:53,751 DEBUG MealServlet [MealServlet.java:39] redirect to meals
2020-06-06 13:12:53,757 INFO  MealServlet [MealServlet.java:59] update meal id = 1
2020-06-06 13:12:57,830 INFO  MealServlet [MealServlet.java:90] POST 
2020-06-07 07:33:45,201 DEBUG MealServlet [MealServlet.java:36] redirect to meals
2020-06-07 07:33:45,214 INFO  MealServlet [MealServlet.java:64] list of meals
2020-06-07 07:35:26,862 DEBUG MealServlet [MealServlet.java:36] redirect to meals
2020-06-07 07:35:26,876 INFO  MealServlet [MealServlet.java:64] list of meals
2020-06-07 07:36:43,859 DEBUG MealServlet [MealServlet.java:36] redirect to meals
2020-06-07 07:36:43,868 INFO  MealServlet [MealServlet.java:64] list of meals
2020-06-07 07:36:53,482 DEBUG MealServlet [MealServlet.java:36] redirect to meals
2020-06-07 07:36:53,484 INFO  MealServlet [MealServlet.java:59] new meal
2020-06-07 07:37:07,144 INFO  MealServlet [MealServlet.java:85] POST 
2020-06-07 07:38:21,424 DEBUG MealServlet [MealServlet.java:36] redirect to meals
2020-06-07 07:38:21,439 INFO  MealServlet [MealServlet.java:64] list of meals
